DEB [20170508-14:18:00.358] thr=1   paramiko.transport: starting thread (client mode): 0x29522090L
DEB [20170508-14:18:00.359] thr=1   paramiko.transport: Local version/idstring: SSH-2.0-paramiko_2.1.2
DEB [20170508-14:18:00.412] thr=1   paramiko.transport: Remote version/idstring: SSH-2.0-OpenSSH_6.7p1 Raspbian-5+deb8u3
INF [20170508-14:18:00.412] thr=1   paramiko.transport: Connected (version 2.0, client OpenSSH_6.7p1)
DEB [20170508-14:18:00.416] thr=1   paramiko.transport: kex algos:[u'curve25519-sha256@libssh.org', u'ecdh-sha2-nistp256', u'ecdh-sha2-nistp384', u'ecdh-sha2-nistp521', u'diffie-hellman-group-exchange-sha256', u'diffie-hellman-group14-sha1'] server key:[u'ssh-rsa', u'ssh-dss', u'ecdsa-sha2-nistp256', u'ssh-ed25519'] client encrypt:[u'aes128-ctr', u'aes192-ctr', u'aes256-ctr', u'aes128-gcm@openssh.com', u'aes256-gcm@openssh.com', u'chacha20-poly1305@openssh.com'] server encrypt:[u'aes128-ctr', u'aes192-ctr', u'aes256-ctr', u'aes128-gcm@openssh.com', u'aes256-gcm@openssh.com', u'chacha20-poly1305@openssh.com'] client mac:[u'umac-64-etm@openssh.com', u'umac-128-etm@openssh.com', u'hmac-sha2-256-etm@openssh.com', u'hmac-sha2-512-etm@openssh.com', u'hmac-sha1-etm@openssh.com', u'umac-64@openssh.com', u'umac-128@openssh.com', u'hmac-sha2-256', u'hmac-sha2-512', u'hmac-sha1'] server mac:[u'umac-64-etm@openssh.com', u'umac-128-etm@openssh.com', u'hmac-sha2-256-etm@openssh.com', u'hmac-sha2-512-etm@openssh.com', u'hmac-sha1-etm@openssh.com', u'umac-64@openssh.com', u'umac-128@openssh.com', u'hmac-sha2-256', u'hmac-sha2-512', u'hmac-sha1'] client compress:[u'none', u'zlib@openssh.com'] server compress:[u'none', u'zlib@openssh.com'] client lang:[u''] server lang:[u''] kex follows?False
DEB [20170508-14:18:00.417] thr=1   paramiko.transport: Kex agreed: diffie-hellman-group14-sha1
DEB [20170508-14:18:00.417] thr=1   paramiko.transport: Cipher agreed: aes128-ctr
DEB [20170508-14:18:00.417] thr=1   paramiko.transport: MAC agreed: hmac-sha2-256
DEB [20170508-14:18:00.417] thr=1   paramiko.transport: Compression agreed: none
DEB [20170508-14:18:00.581] thr=1   paramiko.transport: kex engine KexGroup14 specified hash_algo <built-in function openssl_sha1>
DEB [20170508-14:18:00.582] thr=1   paramiko.transport: Switch to new keys ...
DEB [20170508-14:18:00.584] thr=2   paramiko.transport: Adding ssh-rsa host key for 192.168.1.200: 566cf15905e4bebd73a190fbc3c939c4
DEB [20170508-14:18:00.811] thr=1   paramiko.transport: userauth is OK
INF [20170508-14:18:00.920] thr=1   paramiko.transport: Authentication (password) successful!
DEB [20170508-14:18:00.951] thr=2   paramiko.transport: [chan 0] Max packet in: 32768 bytes
DEB [20170508-14:18:00.980] thr=1   paramiko.transport: [chan 0] Max packet out: 32768 bytes
DEB [20170508-14:18:00.981] thr=1   paramiko.transport: Secsh channel 0 opened.
DEB [20170508-14:18:00.990] thr=1   paramiko.transport: [chan 0] Sesch channel 0 request ok
DEB [20170508-14:18:00.999] thr=1   paramiko.transport: [chan 0] EOF received (0)
DEB [20170508-14:18:01.000] thr=2   paramiko.transport: [chan 1] Max packet in: 32768 bytes
DEB [20170508-14:18:01.001] thr=1   paramiko.transport: [chan 0] EOF sent (0)
DEB [20170508-14:18:01.019] thr=1   paramiko.transport: [chan 1] Max packet out: 32768 bytes
DEB [20170508-14:18:01.019] thr=1   paramiko.transport: Secsh channel 1 opened.
DEB [20170508-14:18:01.057] thr=1   paramiko.transport: [chan 1] Sesch channel 1 request ok
DEB [20170508-14:18:01.914] thr=1   paramiko.transport: [chan 1] EOF received (1)
DEB [20170508-14:18:01.914] thr=2   paramiko.transport: [chan 2] Max packet in: 32768 bytes
DEB [20170508-14:18:01.915] thr=1   paramiko.transport: [chan 1] EOF sent (1)
DEB [20170508-14:18:01.917] thr=1   paramiko.transport: [chan 2] Max packet out: 32768 bytes
DEB [20170508-14:18:01.917] thr=1   paramiko.transport: Secsh channel 2 opened.
DEB [20170508-14:18:01.957] thr=1   paramiko.transport: [chan 2] Sesch channel 2 request ok
DEB [20170508-14:18:01.964] thr=1   paramiko.transport: [chan 2] EOF received (2)
DEB [20170508-14:18:01.965] thr=1   paramiko.transport: EOF in transport thread
