DEB [20170510-12:05:55.282] thr=1   paramiko.transport: starting thread (client mode): 0x10b6ddd0L
DEB [20170510-12:05:55.283] thr=1   paramiko.transport: Local version/idstring: SSH-2.0-paramiko_2.1.2
DEB [20170510-12:05:55.331] thr=1   paramiko.transport: Remote version/idstring: SSH-2.0-OpenSSH_6.7p1 Raspbian-5+deb8u3
INF [20170510-12:05:55.331] thr=1   paramiko.transport: Connected (version 2.0, client OpenSSH_6.7p1)
DEB [20170510-12:05:55.335] thr=1   paramiko.transport: kex algos:[u'curve25519-sha256@libssh.org', u'ecdh-sha2-nistp256', u'ecdh-sha2-nistp384', u'ecdh-sha2-nistp521', u'diffie-hellman-group-exchange-sha256', u'diffie-hellman-group14-sha1'] server key:[u'ssh-rsa', u'ssh-dss', u'ecdsa-sha2-nistp256', u'ssh-ed25519'] client encrypt:[u'aes128-ctr', u'aes192-ctr', u'aes256-ctr', u'aes128-gcm@openssh.com', u'aes256-gcm@openssh.com', u'chacha20-poly1305@openssh.com'] server encrypt:[u'aes128-ctr', u'aes192-ctr', u'aes256-ctr', u'aes128-gcm@openssh.com', u'aes256-gcm@openssh.com', u'chacha20-poly1305@openssh.com'] client mac:[u'umac-64-etm@openssh.com', u'umac-128-etm@openssh.com', u'hmac-sha2-256-etm@openssh.com', u'hmac-sha2-512-etm@openssh.com', u'hmac-sha1-etm@openssh.com', u'umac-64@openssh.com', u'umac-128@openssh.com', u'hmac-sha2-256', u'hmac-sha2-512', u'hmac-sha1'] server mac:[u'umac-64-etm@openssh.com', u'umac-128-etm@openssh.com', u'hmac-sha2-256-etm@openssh.com', u'hmac-sha2-512-etm@openssh.com', u'hmac-sha1-etm@openssh.com', u'umac-64@openssh.com', u'umac-128@openssh.com', u'hmac-sha2-256', u'hmac-sha2-512', u'hmac-sha1'] client compress:[u'none', u'zlib@openssh.com'] server compress:[u'none', u'zlib@openssh.com'] client lang:[u''] server lang:[u''] kex follows?False
DEB [20170510-12:05:55.336] thr=1   paramiko.transport: Kex agreed: diffie-hellman-group14-sha1
DEB [20170510-12:05:55.336] thr=1   paramiko.transport: Cipher agreed: aes128-ctr
DEB [20170510-12:05:55.336] thr=1   paramiko.transport: MAC agreed: hmac-sha2-256
DEB [20170510-12:05:55.336] thr=1   paramiko.transport: Compression agreed: none
DEB [20170510-12:05:55.507] thr=1   paramiko.transport: kex engine KexGroup14 specified hash_algo <built-in function openssl_sha1>
DEB [20170510-12:05:55.508] thr=1   paramiko.transport: Switch to new keys ...
DEB [20170510-12:05:55.511] thr=2   paramiko.transport: Adding ssh-rsa host key for 192.168.2.2: e6edccf2656508ce5ed0dfa8dbb15ad9
DEB [20170510-12:05:55.512] thr=1   paramiko.transport: userauth is OK
INF [20170510-12:05:55.714] thr=1   paramiko.transport: Authentication (password) successful!
DEB [20170510-12:05:55.718] thr=2   paramiko.transport: [chan 0] Max packet in: 32768 bytes
DEB [20170510-12:05:55.887] thr=1   paramiko.transport: [chan 0] Max packet out: 32768 bytes
DEB [20170510-12:05:55.887] thr=1   paramiko.transport: Secsh channel 0 opened.
DEB [20170510-12:05:55.901] thr=1   paramiko.transport: [chan 0] Sesch channel 0 request ok
DEB [20170510-12:06:03.377] thr=1   paramiko.transport: [chan 0] EOF received (0)
DEB [20170510-12:06:03.377] thr=1   paramiko.transport: EOF in transport thread
